<?xml version="1.0" encoding="UTF-8"?>
<testsuites>
  <testsuite name="" tests="7" assertions="11" errors="0" warnings="0" failures="0" skipped="0" time="0.192775">
    <testsuite name="otherponeys" tests="1" assertions="1" errors="0" warnings="0" failures="0" skipped="0" time="0.051836">
      <testsuite name="PoneysOtherTest" file="/home/vagrant/code/public/insa/poneys/tests/PoneyOtherTest.php" tests="1" assertions="1" errors="0" warnings="0" failures="0" skipped="0" time="0.051836">
        <testcase name="testAddPoneyToField" class="PoneysOtherTest" classname="PoneysOtherTest" file="/home/vagrant/code/public/insa/poneys/tests/PoneyOtherTest.php" line="24" assertions="1" time="0.051836"/>
      </testsuite>
    </testsuite>
    <testsuite name="/**&#10; * Gestion de poneys&#10; */&#10;Class [ &lt;user&gt; class Poneys ] {&#10;  @@ /home/vagrant/code/public/insa/poneys/src/Poneys.php 5-108&#10;&#10;  - Constants [0] {&#10;  }&#10;&#10;  - Static properties [0] {&#10;  }&#10;&#10;  - Static methods [0] {&#10;  }&#10;&#10;  - Properties [2] {&#10;    Property [ &lt;default&gt; private $count ]&#10;    Property [ &lt;default&gt; private $max ]&#10;  }&#10;&#10;  - Methods [8] {&#10;    /**&#10;     * Retourne le nombre de poneys&#10;     *&#10;     * @return int&#10;     */&#10;    Method [ &lt;user&gt; public method getCount ] {&#10;      @@ /home/vagrant/code/public/insa/poneys/src/Poneys.php 15 - 18&#10;&#10;      - Parameters [0] {&#10;      }&#10;      - Return [ int ]&#10;    }&#10;&#10;    /**&#10;     * Définit le nombre de poneys&#10;     *&#10;     * @param int $number Nouveau nombre de poneys&#10;     * &#10;     * @return void&#10;     */&#10;    Method [ &lt;user&gt; public method setCount ] {&#10;      @@ /home/vagrant/code/public/insa/poneys/src/Poneys.php 27 - 30&#10;&#10;      - Parameters [1] {&#10;        Parameter #0 [ &lt;required&gt; int $number ]&#10;      }&#10;      - Return [ void ]&#10;    }&#10;&#10;    /**&#10;     * Retourne le nombre maximum de poneys&#10;     *&#10;     * @return int&#10;     */&#10;    Method [ &lt;user&gt; public method getMax ] {&#10;      @@ /home/vagrant/code/public/insa/poneys/src/Poneys.php 37 - 40&#10;&#10;      - Parameters [0] {&#10;      }&#10;      - Return [ int ]&#10;    }&#10;&#10;    /**&#10;     * Définit le nombre maximum de poneys&#10;     *&#10;     * @param int $number Nouveau nombre de poneys max&#10;     * &#10;     * @return void&#10;     */&#10;    Method [ &lt;user&gt; public method setMax ] {&#10;      @@ /home/vagrant/code/public/insa/poneys/src/Poneys.php 49 - 52&#10;&#10;      - Parameters [1] {&#10;        Parameter #0 [ &lt;required&gt; int $number ]&#10;      }&#10;      - Return [ void ]&#10;    }&#10;&#10;    /**&#10;     * Retire un poney du champ&#10;     *&#10;     * @param int $number Nombre de poneys à retirer&#10;     *&#10;     * @return void&#10;     */&#10;    Method [ &lt;user&gt; public method removePoneyFromField ] {&#10;      @@ /home/vagrant/code/public/insa/poneys/src/Poneys.php 61 - 69&#10;&#10;      - Parameters [1] {&#10;        Parameter #0 [ &lt;required&gt; int $number ]&#10;      }&#10;      - Return [ void ]&#10;    }&#10;&#10;    /**&#10;     * Ajoute un ou plusieurs poneys au champ&#10;     *&#10;     * @param int $number Nombre de poneys à ajouter&#10;     *&#10;     * @return void&#10;     */&#10;    Method [ &lt;user&gt; public method addPoneyToField ] {&#10;      @@ /home/vagrant/code/public/insa/poneys/src/Poneys.php 78 - 81&#10;&#10;      - Parameters [1] {&#10;        Parameter #0 [ &lt;required&gt; int $number ]&#10;      }&#10;      - Return [ void ]&#10;    }&#10;&#10;    /**&#10;     * Vérifie qu'il reste des places libres dans le champ&#10;     *&#10;     *&#10;     * @return boolean&#10;     */&#10;    Method [ &lt;user&gt; public method checkPlacesLibres ] {&#10;      @@ /home/vagrant/code/public/insa/poneys/src/Poneys.php 89 - 97&#10;&#10;      - Parameters [0] {&#10;      }&#10;      - Return [ bool ]&#10;    }&#10;&#10;    /**&#10;     * Retourne les noms des poneys&#10;     *&#10;     * @return array&#10;     */&#10;    Method [ &lt;user&gt; public method getNames ] {&#10;      @@ /home/vagrant/code/public/insa/poneys/src/Poneys.php 104 - 107&#10;&#10;      - Parameters [0] {&#10;      }&#10;      - Return [ array ]&#10;    }&#10;  }&#10;}&#10;" tests="6" assertions="10" errors="0" warnings="0" failures="0" skipped="0" time="0.140939">
      <testsuite name="PoneysTest" file="/home/vagrant/code/public/insa/poneys/tests/PoneysTest.php" tests="6" assertions="10" errors="0" warnings="0" failures="0" skipped="0" time="0.140939">
        <testcase name="testRemovePoneyFromField" class="PoneysTest" classname="PoneysTest" file="/home/vagrant/code/public/insa/poneys/tests/PoneysTest.php" line="24" assertions="1" time="0.000079"/>
        <testcase name="testRemoveTooMuchPoneys" class="PoneysTest" classname="PoneysTest" file="/home/vagrant/code/public/insa/poneys/tests/PoneysTest.php" line="38" assertions="3" time="0.012842"/>
        <testcase name="testAddPoneyToField" class="PoneysTest" classname="PoneysTest" file="/home/vagrant/code/public/insa/poneys/tests/PoneysTest.php" line="53" assertions="1" time="0.000096"/>
        <testcase name="testRemovePoneyFromFieldWithDataProvider" class="PoneysTest" classname="PoneysTest" file="/home/vagrant/code/public/insa/poneys/tests/PoneysTest.php" line="65" assertions="1" time="0.000099"/>
        <testcase name="testGetnames" class="PoneysTest" classname="PoneysTest" file="/home/vagrant/code/public/insa/poneys/tests/PoneysTest.php" line="79" assertions="2" time="0.127736"/>
        <testcase name="testPlacesRestantes" class="PoneysTest" classname="PoneysTest" file="/home/vagrant/code/public/insa/poneys/tests/PoneysTest.php" line="98" assertions="2" time="0.000087"/>
      </testsuite>
    </testsuite>
  </testsuite>
</testsuites>
